4 4 wu_upc_win_03 25 2014 2 3 15 41 3
3 4 wu_upc_win_03 26 2014 2 3 15 41 3
5 5 wu_upc_win_04 27 2014 2 3 15 41 3
4 5 wu_upc_win_04 28 2014 2 3 15 41 3
3 5 wu_upc_win_04 29 2014 2 3 15 41 3
5 5 wu_upc_win_04 30 2014 2 3 15 41 3
4 5 wu_upc_win_04 31 2014 2 3 15 41 3
3 5 wu_upc_win_04 32 2014 2 3 15 41 3
4 4 wu_upc_win_03 25 2014 2 3 15 41 11
3 4 wu_upc_win_03 26 2014 2 3 15 41 11
5 5 wu_upc_win_04 27 2014 2 3 15 41 11
4 5 wu_upc_win_04 28 2014 2 3 15 41 11
3 5 wu_upc_win_04 29 2014 2 3 15 41 11
5 5 wu_upc_win_04 30 2014 2 3 15 41 11
4 5 wu_upc_win_04 31 2014 2 3 15 41 11
3 5 wu_upc_win_04 32 2014 2 3 15 41 11
4 4 wu_upc_win_03 25 2014 2 3 15 42 8
3 4 wu_upc_win_03 26 2014 2 3 15 42 8
5 5 wu_upc_win_04 27 2014 2 3 15 42 8
4 5 wu_upc_win_04 28 2014 2 3 15 42 8
3 5 wu_upc_win_04 29 2014 2 3 15 42 8
5 5 wu_upc_win_04 30 2014 2 3 15 42 8
4 5 wu_upc_win_04 31 2014 2 3 15 42 8
3 5 wu_upc_win_04 32 2014 2 3 15 42 8
4 4 wu_upc_win_03 25 2014 2 3 21 15 35
3 4 wu_upc_win_03 26 2014 2 3 21 15 35
5 5 wu_upc_win_04 27 2014 2 3 21 15 35
4 5 wu_upc_win_04 28 2014 2 3 21 15 35
3 5 wu_upc_win_04 29 2014 2 3 21 15 35
5 5 wu_upc_win_04 30 2014 2 3 21 15 35
4 5 wu_upc_win_04 31 2014 2 3 21 15 35
3 5 wu_upc_win_04 32 2014 2 3 21 15 35
4 4 wu_upc_win_03 25 2014 2 3 21 46 43
4 4 wu_upc_win_03 26 2014 2 3 21 46 43
4 5 wu_upc_win_04 27 2014 2 3 21 46 43
4 5 wu_upc_win_04 28 2014 2 3 21 46 43
4 5 wu_upc_win_04 29 2014 2 3 21 46 43
4 5 wu_upc_win_04 30 2014 2 3 21 46 43
4 5 wu_upc_win_04 31 2014 2 3 21 46 43
4 5 wu_upc_win_04 32 2014 2 3 21 46 43
4 4 wu_upc_win_03 25 2014 2 3 21 47 26
3 4 wu_upc_win_03 26 2014 2 3 21 47 26
5 5 wu_upc_win_04 27 2014 2 3 21 47 26
4 5 wu_upc_win_04 28 2014 2 3 21 47 26
3 5 wu_upc_win_04 29 2014 2 3 21 47 26
5 5 wu_upc_win_04 30 2014 2 3 21 47 26
4 5 wu_upc_win_04 31 2014 2 3 21 47 26
3 5 wu_upc_win_04 32 2014 2 3 21 47 26
